# JRE version: OpenJDK Runtime Environment (25.0.3) (build 25.0.3+-15898627-b508.16)
# Java VM: OpenJDK 64-Bit Server VM (25.0.3+-15898627-b508.16, mixed mode, tiered, compressed oops, compressed class ptrs, g1 gc, windows-amd64)
GC Precious Log:
 CardTable entry size: 512
 Card Set container configuration: InlinePtr #cards 5 size 8 Array Of Cards #cards 10 size 36 Howl #buckets 4 coarsen threshold 1843 Howl Bitmap #cards 512 size 80 coarsen threshold 460 Card regions per heap region 1 cards per card region 2048
 CPUs: 16 total, 16 available
 Memory: 16253M
 Large Page Support: Disabled
 NUMA Support: Disabled
 Compressed Oops: Enabled (32-bit)
 Heap Region Size: 1M
 Heap Min Capacity: 8M
 Heap Initial Capacity: 254M
 Heap Max Capacity: 2G
 Pre-touch: Disabled
 Parallel Workers: 13
 Concurrent Workers: 3
 Concurrent Refinement Workers: 13
 Periodic GC: Disabled
Heap:
 garbage-first heap   total reserved 2097152K, committed 162816K, used 107451K [0x0000000080000000, 0x0000000100000000)
  region size 1024K, 6 young (6144K), 4 survivors (4096K)
GC Heap Usage History (20 events):
Event: 8.201 {heap Before GC invocations=21 (full 0):
 garbage-first heap   total reserved 2097152K, committed 114688K, used 106191K [0x0000000080000000, 0x0000000100000000)
  region size 1024K, 40 young (40960K), 4 survivors (4096K)
}
Event: 8.205 {heap After GC invocations=22 (full 0):
 garbage-first heap   total reserved 2097152K, committed 114688K, used 72628K [0x0000000080000000, 0x0000000100000000)
  region size 1024K, 5 young (5120K), 5 survivors (5120K)
}
Event: 8.429 {heap Before GC invocations=23 (full 0):
 garbage-first heap   total reserved 2097152K, committed 121856K, used 105396K [0x0000000080000000, 0x0000000100000000)
  region size 1024K, 38 young (38912K), 5 survivors (5120K)
}
Event: 8.432 {heap After GC invocations=24 (full 0):
 garbage-first heap   total reserved 2097152K, committed 121856K, used 75038K [0x0000000080000000, 0x0000000100000000)
  region size 1024K, 2 young (2048K), 2 survivors (2048K)
}
Event: 8.577 {heap Before GC invocations=24 (full 0):
 garbage-first heap   total reserved 2097152K, committed 121856K, used 111902K [0x0000000080000000, 0x0000000100000000)
  region size 1024K, 39 young (39936K), 2 survivors (2048K)
}
Event: 8.580 {heap After GC invocations=25 (full 0):
 garbage-first heap   total reserved 2097152K, committed 121856K, used 76224K [0x0000000080000000, 0x0000000100000000)
  region size 1024K, 4 young (4096K), 4 survivors (4096K)
}
Event: 8.765 {heap Before GC invocations=25 (full 0):
 garbage-first heap   total reserved 2097152K, committed 121856K, used 105920K [0x0000000080000000, 0x0000000100000000)
  region size 1024K, 35 young (35840K), 4 survivors (4096K)
}
Event: 8.767 {heap After GC invocations=26 (full 0):
 garbage-first heap   total reserved 2097152K, committed 146432K, used 77415K [0x0000000080000000, 0x0000000100000000)
  region size 1024K, 3 young (3072K), 3 survivors (3072K)
}
Event: 8.780 {heap Before GC invocations=26 (full 0):
 garbage-first heap   total reserved 2097152K, committed 146432K, used 78439K [0x0000000080000000, 0x0000000100000000)
  region size 1024K, 4 young (4096K), 3 survivors (3072K)
}
Event: 8.782 {heap After GC invocations=27 (full 0):
 garbage-first heap   total reserved 2097152K, committed 146432K, used 78599K [0x0000000080000000, 0x0000000100000000)
  region size 1024K, 3 young (3072K), 3 survivors (3072K)
}
Event: 9.392 {heap Before GC invocations=28 (full 0):
 garbage-first heap   total reserved 2097152K, committed 146432K, used 135943K [0x0000000080000000, 0x0000000100000000)
  region size 1024K, 50 young (51200K), 3 survivors (3072K)
}
Event: 9.395 {heap After GC invocations=29 (full 0):
 garbage-first heap   total reserved 2097152K, committed 146432K, used 93645K [0x0000000080000000, 0x0000000100000000)
  region size 1024K, 7 young (7168K), 7 survivors (7168K)
}
Event: 9.937 {heap Before GC invocations=29 (full 0):
 garbage-first heap   total reserved 2097152K, committed 146432K, used 132557K [0x0000000080000000, 0x0000000100000000)
  region size 1024K, 45 young (46080K), 7 survivors (7168K)
}
Event: 9.941 {heap After GC invocations=30 (full 0):
 garbage-first heap   total reserved 2097152K, committed 146432K, used 94240K [0x0000000080000000, 0x0000000100000000)
  region size 1024K, 2 young (2048K), 2 survivors (2048K)
}
Event: 10.056 {heap Before GC invocations=30 (full 0):
 garbage-first heap   total reserved 2097152K, committed 146432K, used 104480K [0x0000000080000000, 0x0000000100000000)
  region size 1024K, 13 young (13312K), 2 survivors (2048K)
}
Event: 10.058 {heap After GC invocations=31 (full 0):
 garbage-first heap   total reserved 2097152K, committed 146432K, used 94286K [0x0000000080000000, 0x0000000100000000)
  region size 1024K, 2 young (2048K), 2 survivors (2048K)
}
Event: 10.696 {heap Before GC invocations=32 (full 0):
 garbage-first heap   total reserved 2097152K, committed 162816K, used 137294K [0x0000000080000000, 0x0000000100000000)
  region size 1024K, 42 young (43008K), 2 survivors (2048K)
}
Event: 10.699 {heap After GC invocations=33 (full 0):
 garbage-first heap   total reserved 2097152K, committed 162816K, used 97730K [0x0000000080000000, 0x0000000100000000)
  region size 1024K, 3 young (3072K), 3 survivors (3072K)
}
Event: 11.351 {heap Before GC invocations=33 (full 0):
 garbage-first heap   total reserved 2097152K, committed 162816K, used 153026K [0x0000000080000000, 0x0000000100000000)
  region size 1024K, 52 young (53248K), 3 survivors (3072K)
}
Event: 11.356 {heap After GC invocations=34 (full 0):
 garbage-first heap   total reserved 2097152K, committed 162816K, used 103096K [0x0000000080000000, 0x0000000100000000)
  region size 1024K, 7 young (7168K), 7 survivors (7168K)
}

